2021-04-12 15:43:04,186 [http-nio-8080-exec-2] DEBUG (EmployeeInfoMicroServiceController.java:49) - EmployeeInfoMicroServiceController.addEmployee - start: 
2021-04-12 15:43:04,294 [http-nio-8080-exec-2] ERROR (EmployeeInfoServiceImpl.java:80) - [Ljava.lang.StackTraceElement;@64b085d8
2021-04-12 15:43:04,295 [http-nio-8080-exec-2] DEBUG (EmployeeInfoMicroServiceController.java:53) - EmployeeInfoMicroServiceController.addEmployee - end: 
2021-04-12 15:45:31,098 [http-nio-8080-exec-2] DEBUG (EmployeeInfoMicroServiceController.java:49) - EmployeeInfoMicroServiceController.addEmployee - start: 
2021-04-12 15:45:31,222 [http-nio-8080-exec-2] ERROR (EmployeeInfoServiceImpl.java:80) - [Ljava.lang.StackTraceElement;@1a9153f9
2021-04-12 15:45:31,222 [http-nio-8080-exec-2] DEBUG (EmployeeInfoMicroServiceController.java:53) - EmployeeInfoMicroServiceController.addEmployee - end: 
2021-04-12 15:50:33,743 [http-nio-8080-exec-2] DEBUG (EmployeeInfoMicroServiceController.java:49) - EmployeeInfoMicroServiceController.addEmployee - start: 
2021-04-12 15:52:43,061 [http-nio-8080-exec-3] DEBUG (EmployeeInfoMicroServiceController.java:37) - EmployeeInfoMicroServiceController.getAllEmployeeInfo - start: 
2021-04-12 15:52:43,061 [http-nio-8080-exec-3] DEBUG (EmployeeInfoServiceImpl.java:48) - EmployeeInfoServiceImpl.getAllEmployeeInfo - start: 
2021-04-12 15:52:43,516 [http-nio-8080-exec-3] DEBUG (EmployeeInfoServiceImpl.java:56) - EmployeeInfoServiceImpl.getAllEmployeeInfo - end: 
2021-04-12 15:52:43,517 [http-nio-8080-exec-3] DEBUG (EmployeeInfoMicroServiceController.java:41) - EmployeeInfoMicroServiceController.getAllEmployeeInfo - end: 
2021-04-12 15:53:03,148 [http-nio-8080-exec-5] DEBUG (EmployeeInfoMicroServiceController.java:37) - EmployeeInfoMicroServiceController.getAllEmployeeInfo - start: 
2021-04-12 15:53:03,149 [http-nio-8080-exec-5] DEBUG (EmployeeInfoServiceImpl.java:48) - EmployeeInfoServiceImpl.getAllEmployeeInfo - start: 
2021-04-12 15:53:03,219 [http-nio-8080-exec-5] DEBUG (EmployeeInfoServiceImpl.java:56) - EmployeeInfoServiceImpl.getAllEmployeeInfo - end: 
2021-04-12 15:53:03,234 [http-nio-8080-exec-5] DEBUG (EmployeeInfoMicroServiceController.java:41) - EmployeeInfoMicroServiceController.getAllEmployeeInfo - end: 
2021-04-12 15:53:09,875 [http-nio-8080-exec-7] DEBUG (EmployeeInfoMicroServiceController.java:37) - EmployeeInfoMicroServiceController.getAllEmployeeInfo - start: 
2021-04-12 15:53:09,876 [http-nio-8080-exec-7] DEBUG (EmployeeInfoServiceImpl.java:48) - EmployeeInfoServiceImpl.getAllEmployeeInfo - start: 
2021-04-12 15:53:09,975 [http-nio-8080-exec-7] DEBUG (EmployeeInfoServiceImpl.java:56) - EmployeeInfoServiceImpl.getAllEmployeeInfo - end: 
2021-04-12 15:53:09,976 [http-nio-8080-exec-7] DEBUG (EmployeeInfoMicroServiceController.java:41) - EmployeeInfoMicroServiceController.getAllEmployeeInfo - end: 
2021-04-12 15:53:59,824 [http-nio-8080-exec-2] DEBUG (EmployeeInfoMicroServiceController.java:49) - EmployeeInfoMicroServiceController.addEmployee - start: 
2021-04-12 15:53:59,983 [http-nio-8080-exec-2] DEBUG (EmployeeInfoMicroServiceController.java:53) - EmployeeInfoMicroServiceController.addEmployee - end: 
2021-04-12 15:55:12,113 [http-nio-8080-exec-4] DEBUG (EmployeeInfoMicroServiceController.java:37) - EmployeeInfoMicroServiceController.getAllEmployeeInfo - start: 
2021-04-12 15:55:12,114 [http-nio-8080-exec-4] DEBUG (EmployeeInfoServiceImpl.java:48) - EmployeeInfoServiceImpl.getAllEmployeeInfo - start: 
2021-04-12 15:55:12,367 [http-nio-8080-exec-4] DEBUG (EmployeeInfoServiceImpl.java:56) - EmployeeInfoServiceImpl.getAllEmployeeInfo - end: 
2021-04-12 15:55:12,368 [http-nio-8080-exec-4] DEBUG (EmployeeInfoMicroServiceController.java:41) - EmployeeInfoMicroServiceController.getAllEmployeeInfo - end: 
2021-04-12 15:57:43,201 [http-nio-8080-exec-7] DEBUG (EmployeeInfoMicroServiceController.java:49) - EmployeeInfoMicroServiceController.addEmployee - start: 
2021-04-12 15:57:43,286 [http-nio-8080-exec-7] DEBUG (EmployeeInfoMicroServiceController.java:53) - EmployeeInfoMicroServiceController.addEmployee - end: 
2021-04-12 15:58:15,103 [http-nio-8080-exec-9] DEBUG (EmployeeInfoMicroServiceController.java:37) - EmployeeInfoMicroServiceController.getAllEmployeeInfo - start: 
2021-04-12 15:58:15,103 [http-nio-8080-exec-9] DEBUG (EmployeeInfoServiceImpl.java:48) - EmployeeInfoServiceImpl.getAllEmployeeInfo - start: 
2021-04-12 15:58:15,253 [http-nio-8080-exec-9] DEBUG (EmployeeInfoServiceImpl.java:56) - EmployeeInfoServiceImpl.getAllEmployeeInfo - end: 
2021-04-12 15:58:15,254 [http-nio-8080-exec-9] DEBUG (EmployeeInfoMicroServiceController.java:41) - EmployeeInfoMicroServiceController.getAllEmployeeInfo - end: 
2021-04-12 16:42:12,459 [http-nio-8080-exec-1] DEBUG (EmployeeInfoMicroServiceController.java:37) - EmployeeInfoMicroServiceController.getAllEmployeeInfo - start: 
2021-04-12 16:42:12,464 [http-nio-8080-exec-1] DEBUG (EmployeeInfoServiceImpl.java:48) - EmployeeInfoServiceImpl.getAllEmployeeInfo - start: 
2021-04-12 16:42:12,817 [http-nio-8080-exec-1] DEBUG (EmployeeInfoServiceImpl.java:56) - EmployeeInfoServiceImpl.getAllEmployeeInfo - end: 
2021-04-12 16:42:12,817 [http-nio-8080-exec-1] DEBUG (EmployeeInfoMicroServiceController.java:41) - EmployeeInfoMicroServiceController.getAllEmployeeInfo - end: 
2021-04-12 16:43:48,990 [http-nio-8080-exec-3] DEBUG (EmployeeInfoMicroServiceController.java:37) - EmployeeInfoMicroServiceController.getAllEmployeeInfo - start: 
2021-04-12 16:43:48,991 [http-nio-8080-exec-3] DEBUG (EmployeeInfoServiceImpl.java:48) - EmployeeInfoServiceImpl.getAllEmployeeInfo - start: 
2021-04-12 16:43:49,114 [http-nio-8080-exec-3] DEBUG (EmployeeInfoServiceImpl.java:56) - EmployeeInfoServiceImpl.getAllEmployeeInfo - end: 
2021-04-12 16:43:49,115 [http-nio-8080-exec-3] DEBUG (EmployeeInfoMicroServiceController.java:41) - EmployeeInfoMicroServiceController.getAllEmployeeInfo - end: 
2021-04-12 16:46:14,833 [http-nio-8080-exec-5] DEBUG (EmployeeInfoMicroServiceController.java:37) - EmployeeInfoMicroServiceController.getAllEmployeeInfo - start: 
2021-04-12 16:46:14,842 [http-nio-8080-exec-5] DEBUG (EmployeeInfoServiceImpl.java:48) - EmployeeInfoServiceImpl.getAllEmployeeInfo - start: 
2021-04-12 16:46:14,935 [http-nio-8080-exec-5] DEBUG (EmployeeInfoServiceImpl.java:56) - EmployeeInfoServiceImpl.getAllEmployeeInfo - end: 
2021-04-12 16:46:14,935 [http-nio-8080-exec-5] DEBUG (EmployeeInfoMicroServiceController.java:41) - EmployeeInfoMicroServiceController.getAllEmployeeInfo - end: 
2021-04-12 16:46:34,032 [http-nio-8080-exec-7] DEBUG (EmployeeInfoMicroServiceController.java:37) - EmployeeInfoMicroServiceController.getAllEmployeeInfo - start: 
2021-04-12 16:46:34,034 [http-nio-8080-exec-7] DEBUG (EmployeeInfoServiceImpl.java:48) - EmployeeInfoServiceImpl.getAllEmployeeInfo - start: 
2021-04-12 16:46:34,149 [http-nio-8080-exec-7] DEBUG (EmployeeInfoServiceImpl.java:56) - EmployeeInfoServiceImpl.getAllEmployeeInfo - end: 
2021-04-12 16:46:34,151 [http-nio-8080-exec-7] DEBUG (EmployeeInfoMicroServiceController.java:41) - EmployeeInfoMicroServiceController.getAllEmployeeInfo - end: 
2021-04-12 16:48:29,603 [http-nio-8080-exec-9] DEBUG (EmployeeInfoMicroServiceController.java:37) - EmployeeInfoMicroServiceController.getAllEmployeeInfo - start: 
2021-04-12 16:48:29,603 [http-nio-8080-exec-9] DEBUG (EmployeeInfoServiceImpl.java:48) - EmployeeInfoServiceImpl.getAllEmployeeInfo - start: 
2021-04-12 16:48:29,631 [http-nio-8080-exec-9] DEBUG (EmployeeInfoServiceImpl.java:56) - EmployeeInfoServiceImpl.getAllEmployeeInfo - end: 
2021-04-12 16:48:29,632 [http-nio-8080-exec-9] DEBUG (EmployeeInfoMicroServiceController.java:41) - EmployeeInfoMicroServiceController.getAllEmployeeInfo - end: 
2021-04-12 16:49:57,544 [http-nio-8080-exec-1] DEBUG (EmployeeInfoMicroServiceController.java:37) - EmployeeInfoMicroServiceController.getAllEmployeeInfo - start: 
2021-04-12 16:49:57,546 [http-nio-8080-exec-1] DEBUG (EmployeeInfoServiceImpl.java:48) - EmployeeInfoServiceImpl.getAllEmployeeInfo - start: 
2021-04-12 16:49:57,571 [http-nio-8080-exec-1] DEBUG (EmployeeInfoServiceImpl.java:56) - EmployeeInfoServiceImpl.getAllEmployeeInfo - end: 
2021-04-12 16:49:57,572 [http-nio-8080-exec-1] DEBUG (EmployeeInfoMicroServiceController.java:41) - EmployeeInfoMicroServiceController.getAllEmployeeInfo - end: 
2021-04-12 16:50:51,817 [http-nio-8080-exec-3] DEBUG (EmployeeInfoMicroServiceController.java:37) - EmployeeInfoMicroServiceController.getAllEmployeeInfo - start: 
2021-04-12 16:50:51,818 [http-nio-8080-exec-3] DEBUG (EmployeeInfoServiceImpl.java:48) - EmployeeInfoServiceImpl.getAllEmployeeInfo - start: 
2021-04-12 16:50:51,843 [http-nio-8080-exec-3] DEBUG (EmployeeInfoServiceImpl.java:56) - EmployeeInfoServiceImpl.getAllEmployeeInfo - end: 
2021-04-12 16:50:51,843 [http-nio-8080-exec-3] DEBUG (EmployeeInfoMicroServiceController.java:41) - EmployeeInfoMicroServiceController.getAllEmployeeInfo - end: 
2021-04-12 16:53:25,928 [http-nio-8080-exec-5] DEBUG (EmployeeInfoMicroServiceController.java:37) - EmployeeInfoMicroServiceController.getAllEmployeeInfo - start: 
2021-04-12 16:53:25,928 [http-nio-8080-exec-5] DEBUG (EmployeeInfoServiceImpl.java:48) - EmployeeInfoServiceImpl.getAllEmployeeInfo - start: 
2021-04-12 16:53:25,963 [http-nio-8080-exec-5] DEBUG (EmployeeInfoServiceImpl.java:56) - EmployeeInfoServiceImpl.getAllEmployeeInfo - end: 
2021-04-12 16:53:25,964 [http-nio-8080-exec-5] DEBUG (EmployeeInfoMicroServiceController.java:41) - EmployeeInfoMicroServiceController.getAllEmployeeInfo - end: 
2021-04-12 16:54:01,284 [http-nio-8080-exec-7] DEBUG (EmployeeInfoMicroServiceController.java:37) - EmployeeInfoMicroServiceController.getAllEmployeeInfo - start: 
2021-04-12 16:54:01,284 [http-nio-8080-exec-7] DEBUG (EmployeeInfoServiceImpl.java:48) - EmployeeInfoServiceImpl.getAllEmployeeInfo - start: 
2021-04-12 16:54:01,305 [http-nio-8080-exec-7] DEBUG (EmployeeInfoServiceImpl.java:56) - EmployeeInfoServiceImpl.getAllEmployeeInfo - end: 
2021-04-12 16:54:01,305 [http-nio-8080-exec-7] DEBUG (EmployeeInfoMicroServiceController.java:41) - EmployeeInfoMicroServiceController.getAllEmployeeInfo - end: 
2021-04-12 16:54:15,891 [http-nio-8080-exec-9] DEBUG (EmployeeInfoMicroServiceController.java:37) - EmployeeInfoMicroServiceController.getAllEmployeeInfo - start: 
2021-04-12 16:54:15,891 [http-nio-8080-exec-9] DEBUG (EmployeeInfoServiceImpl.java:48) - EmployeeInfoServiceImpl.getAllEmployeeInfo - start: 
2021-04-12 16:54:15,903 [http-nio-8080-exec-9] DEBUG (EmployeeInfoServiceImpl.java:56) - EmployeeInfoServiceImpl.getAllEmployeeInfo - end: 
2021-04-12 16:54:15,903 [http-nio-8080-exec-9] DEBUG (EmployeeInfoMicroServiceController.java:41) - EmployeeInfoMicroServiceController.getAllEmployeeInfo - end: 
2021-04-12 16:56:21,640 [http-nio-8080-exec-1] DEBUG (EmployeeInfoMicroServiceController.java:37) - EmployeeInfoMicroServiceController.getAllEmployeeInfo - start: 
2021-04-12 16:56:21,641 [http-nio-8080-exec-1] DEBUG (EmployeeInfoServiceImpl.java:48) - EmployeeInfoServiceImpl.getAllEmployeeInfo - start: 
2021-04-12 16:56:21,654 [http-nio-8080-exec-1] DEBUG (EmployeeInfoServiceImpl.java:56) - EmployeeInfoServiceImpl.getAllEmployeeInfo - end: 
2021-04-12 16:56:21,655 [http-nio-8080-exec-1] DEBUG (EmployeeInfoMicroServiceController.java:41) - EmployeeInfoMicroServiceController.getAllEmployeeInfo - end: 
2021-04-12 16:58:57,537 [http-nio-8080-exec-3] DEBUG (EmployeeInfoMicroServiceController.java:37) - EmployeeInfoMicroServiceController.getAllEmployeeInfo - start: 
2021-04-12 16:58:57,538 [http-nio-8080-exec-3] DEBUG (EmployeeInfoServiceImpl.java:48) - EmployeeInfoServiceImpl.getAllEmployeeInfo - start: 
2021-04-12 16:58:57,585 [http-nio-8080-exec-3] DEBUG (EmployeeInfoServiceImpl.java:56) - EmployeeInfoServiceImpl.getAllEmployeeInfo - end: 
2021-04-12 16:58:57,586 [http-nio-8080-exec-3] DEBUG (EmployeeInfoMicroServiceController.java:41) - EmployeeInfoMicroServiceController.getAllEmployeeInfo - end: 
2021-04-12 16:59:57,511 [http-nio-8080-exec-5] DEBUG (EmployeeInfoMicroServiceController.java:37) - EmployeeInfoMicroServiceController.getAllEmployeeInfo - start: 
2021-04-12 16:59:57,512 [http-nio-8080-exec-5] DEBUG (EmployeeInfoServiceImpl.java:48) - EmployeeInfoServiceImpl.getAllEmployeeInfo - start: 
2021-04-12 16:59:57,527 [http-nio-8080-exec-5] DEBUG (EmployeeInfoServiceImpl.java:56) - EmployeeInfoServiceImpl.getAllEmployeeInfo - end: 
2021-04-12 16:59:57,527 [http-nio-8080-exec-5] DEBUG (EmployeeInfoMicroServiceController.java:41) - EmployeeInfoMicroServiceController.getAllEmployeeInfo - end: 
2021-04-12 17:00:21,266 [http-nio-8080-exec-8] DEBUG (EmployeeInfoMicroServiceController.java:26) - EmployeeInfoMicroServiceController.getEmployeeInfo - start: 100
2021-04-12 17:00:21,267 [http-nio-8080-exec-8] DEBUG (EmployeeInfoServiceImpl.java:27) - EmployeeInfoServiceImpl.getEmployeeInfo - start: 100
2021-04-12 17:00:21,290 [http-nio-8080-exec-8] DEBUG (EmployeeInfoServiceImpl.java:32) - EmployeeInfoServiceImpl.getEmployeeInfo - end: 100
2021-04-12 17:00:21,290 [http-nio-8080-exec-8] DEBUG (EmployeeInfoMicroServiceController.java:30) - EmployeeInfoMicroServiceController.getEmployeeInfo - end: 100
2021-04-12 17:03:29,092 [http-nio-8080-exec-10] DEBUG (EmployeeInfoMicroServiceController.java:37) - EmployeeInfoMicroServiceController.getAllEmployeeInfo - start: 
2021-04-12 17:03:29,093 [http-nio-8080-exec-10] DEBUG (EmployeeInfoServiceImpl.java:48) - EmployeeInfoServiceImpl.getAllEmployeeInfo - start: 
2021-04-12 17:03:29,109 [http-nio-8080-exec-10] DEBUG (EmployeeInfoServiceImpl.java:56) - EmployeeInfoServiceImpl.getAllEmployeeInfo - end: 
2021-04-12 17:03:29,109 [http-nio-8080-exec-10] DEBUG (EmployeeInfoMicroServiceController.java:41) - EmployeeInfoMicroServiceController.getAllEmployeeInfo - end: 
2021-04-12 17:03:44,100 [http-nio-8080-exec-2] DEBUG (EmployeeInfoMicroServiceController.java:37) - EmployeeInfoMicroServiceController.getAllEmployeeInfo - start: 
2021-04-12 17:03:44,106 [http-nio-8080-exec-2] DEBUG (EmployeeInfoServiceImpl.java:48) - EmployeeInfoServiceImpl.getAllEmployeeInfo - start: 
2021-04-12 17:03:44,136 [http-nio-8080-exec-2] DEBUG (EmployeeInfoServiceImpl.java:56) - EmployeeInfoServiceImpl.getAllEmployeeInfo - end: 
2021-04-12 17:03:44,137 [http-nio-8080-exec-2] DEBUG (EmployeeInfoMicroServiceController.java:41) - EmployeeInfoMicroServiceController.getAllEmployeeInfo - end: 
2021-04-12 17:04:18,836 [http-nio-8080-exec-4] DEBUG (EmployeeInfoMicroServiceController.java:37) - EmployeeInfoMicroServiceController.getAllEmployeeInfo - start: 
2021-04-12 17:04:18,837 [http-nio-8080-exec-4] DEBUG (EmployeeInfoServiceImpl.java:48) - EmployeeInfoServiceImpl.getAllEmployeeInfo - start: 
2021-04-12 17:04:18,866 [http-nio-8080-exec-4] DEBUG (EmployeeInfoServiceImpl.java:56) - EmployeeInfoServiceImpl.getAllEmployeeInfo - end: 
2021-04-12 17:04:18,866 [http-nio-8080-exec-4] DEBUG (EmployeeInfoMicroServiceController.java:41) - EmployeeInfoMicroServiceController.getAllEmployeeInfo - end: 
2021-04-12 17:04:35,007 [http-nio-8080-exec-6] DEBUG (EmployeeInfoMicroServiceController.java:37) - EmployeeInfoMicroServiceController.getAllEmployeeInfo - start: 
2021-04-12 17:04:35,007 [http-nio-8080-exec-6] DEBUG (EmployeeInfoServiceImpl.java:48) - EmployeeInfoServiceImpl.getAllEmployeeInfo - start: 
2021-04-12 17:04:35,050 [http-nio-8080-exec-6] DEBUG (EmployeeInfoServiceImpl.java:56) - EmployeeInfoServiceImpl.getAllEmployeeInfo - end: 
2021-04-12 17:04:35,051 [http-nio-8080-exec-6] DEBUG (EmployeeInfoMicroServiceController.java:41) - EmployeeInfoMicroServiceController.getAllEmployeeInfo - end: 
2021-04-12 17:06:43,317 [http-nio-8080-exec-8] DEBUG (EmployeeInfoMicroServiceController.java:37) - EmployeeInfoMicroServiceController.getAllEmployeeInfo - start: 
2021-04-12 17:06:43,318 [http-nio-8080-exec-8] DEBUG (EmployeeInfoServiceImpl.java:48) - EmployeeInfoServiceImpl.getAllEmployeeInfo - start: 
2021-04-12 17:06:43,345 [http-nio-8080-exec-8] DEBUG (EmployeeInfoServiceImpl.java:56) - EmployeeInfoServiceImpl.getAllEmployeeInfo - end: 
2021-04-12 17:06:43,347 [http-nio-8080-exec-8] DEBUG (EmployeeInfoMicroServiceController.java:41) - EmployeeInfoMicroServiceController.getAllEmployeeInfo - end: 
2021-04-12 17:08:34,962 [http-nio-8080-exec-10] DEBUG (EmployeeInfoMicroServiceController.java:37) - EmployeeInfoMicroServiceController.getAllEmployeeInfo - start: 
2021-04-12 17:08:34,963 [http-nio-8080-exec-10] DEBUG (EmployeeInfoServiceImpl.java:48) - EmployeeInfoServiceImpl.getAllEmployeeInfo - start: 
2021-04-12 17:08:34,994 [http-nio-8080-exec-10] DEBUG (EmployeeInfoServiceImpl.java:56) - EmployeeInfoServiceImpl.getAllEmployeeInfo - end: 
2021-04-12 17:08:34,994 [http-nio-8080-exec-10] DEBUG (EmployeeInfoMicroServiceController.java:41) - EmployeeInfoMicroServiceController.getAllEmployeeInfo - end: 
2021-04-12 17:08:40,198 [http-nio-8080-exec-2] DEBUG (EmployeeInfoMicroServiceController.java:37) - EmployeeInfoMicroServiceController.getAllEmployeeInfo - start: 
2021-04-12 17:08:40,199 [http-nio-8080-exec-2] DEBUG (EmployeeInfoServiceImpl.java:48) - EmployeeInfoServiceImpl.getAllEmployeeInfo - start: 
2021-04-12 17:08:40,217 [http-nio-8080-exec-2] DEBUG (EmployeeInfoServiceImpl.java:56) - EmployeeInfoServiceImpl.getAllEmployeeInfo - end: 
2021-04-12 17:08:40,228 [http-nio-8080-exec-2] DEBUG (EmployeeInfoMicroServiceController.java:41) - EmployeeInfoMicroServiceController.getAllEmployeeInfo - end: 
2021-04-12 17:08:45,482 [http-nio-8080-exec-4] DEBUG (EmployeeInfoMicroServiceController.java:26) - EmployeeInfoMicroServiceController.getEmployeeInfo - start: 1
2021-04-12 17:08:45,482 [http-nio-8080-exec-4] DEBUG (EmployeeInfoServiceImpl.java:27) - EmployeeInfoServiceImpl.getEmployeeInfo - start: 1
2021-04-12 17:08:45,487 [http-nio-8080-exec-4] ERROR (EmployeeInfoServiceImpl.java:36) - [Ljava.lang.StackTraceElement;@5da800e7
2021-04-12 17:08:45,488 [http-nio-8080-exec-4] DEBUG (EmployeeInfoMicroServiceController.java:30) - EmployeeInfoMicroServiceController.getEmployeeInfo - end: 1
2021-04-12 17:08:45,703 [http-nio-8080-exec-5] DEBUG (EmployeeInfoMicroServiceController.java:26) - EmployeeInfoMicroServiceController.getEmployeeInfo - start: 10
2021-04-12 17:08:45,703 [http-nio-8080-exec-5] DEBUG (EmployeeInfoServiceImpl.java:27) - EmployeeInfoServiceImpl.getEmployeeInfo - start: 10
2021-04-12 17:08:45,706 [http-nio-8080-exec-5] ERROR (EmployeeInfoServiceImpl.java:36) - [Ljava.lang.StackTraceElement;@766ec691
2021-04-12 17:08:45,706 [http-nio-8080-exec-5] DEBUG (EmployeeInfoMicroServiceController.java:30) - EmployeeInfoMicroServiceController.getEmployeeInfo - end: 10
2021-04-12 17:08:46,176 [http-nio-8080-exec-6] DEBUG (EmployeeInfoMicroServiceController.java:26) - EmployeeInfoMicroServiceController.getEmployeeInfo - start: 101
2021-04-12 17:08:46,177 [http-nio-8080-exec-6] DEBUG (EmployeeInfoServiceImpl.java:27) - EmployeeInfoServiceImpl.getEmployeeInfo - start: 101
2021-04-12 17:08:46,181 [http-nio-8080-exec-6] DEBUG (EmployeeInfoServiceImpl.java:32) - EmployeeInfoServiceImpl.getEmployeeInfo - end: 101
2021-04-12 17:08:46,182 [http-nio-8080-exec-6] DEBUG (EmployeeInfoMicroServiceController.java:30) - EmployeeInfoMicroServiceController.getEmployeeInfo - end: 101
2021-04-12 17:08:54,202 [http-nio-8080-exec-8] DEBUG (EmployeeInfoMicroServiceController.java:26) - EmployeeInfoMicroServiceController.getEmployeeInfo - start: 10
2021-04-12 17:08:54,203 [http-nio-8080-exec-8] DEBUG (EmployeeInfoServiceImpl.java:27) - EmployeeInfoServiceImpl.getEmployeeInfo - start: 10
2021-04-12 17:08:54,215 [http-nio-8080-exec-8] ERROR (EmployeeInfoServiceImpl.java:36) - [Ljava.lang.StackTraceElement;@25cfa136
2021-04-12 17:08:54,217 [http-nio-8080-exec-8] DEBUG (EmployeeInfoMicroServiceController.java:30) - EmployeeInfoMicroServiceController.getEmployeeInfo - end: 10
2021-04-12 17:08:54,333 [http-nio-8080-exec-9] DEBUG (EmployeeInfoMicroServiceController.java:26) - EmployeeInfoMicroServiceController.getEmployeeInfo - start: 1
2021-04-12 17:08:54,333 [http-nio-8080-exec-9] DEBUG (EmployeeInfoServiceImpl.java:27) - EmployeeInfoServiceImpl.getEmployeeInfo - start: 1
2021-04-12 17:08:54,338 [http-nio-8080-exec-9] ERROR (EmployeeInfoServiceImpl.java:36) - [Ljava.lang.StackTraceElement;@50b944bb
2021-04-12 17:08:54,338 [http-nio-8080-exec-9] DEBUG (EmployeeInfoMicroServiceController.java:30) - EmployeeInfoMicroServiceController.getEmployeeInfo - end: 1
2021-04-12 17:08:58,719 [http-nio-8080-exec-2] DEBUG (EmployeeInfoMicroServiceController.java:26) - EmployeeInfoMicroServiceController.getEmployeeInfo - start: 1
2021-04-12 17:08:58,719 [http-nio-8080-exec-2] DEBUG (EmployeeInfoServiceImpl.java:27) - EmployeeInfoServiceImpl.getEmployeeInfo - start: 1
2021-04-12 17:08:58,722 [http-nio-8080-exec-2] ERROR (EmployeeInfoServiceImpl.java:36) - [Ljava.lang.StackTraceElement;@6b108bb9
2021-04-12 17:08:58,722 [http-nio-8080-exec-2] DEBUG (EmployeeInfoMicroServiceController.java:30) - EmployeeInfoMicroServiceController.getEmployeeInfo - end: 1
2021-04-12 17:08:59,069 [http-nio-8080-exec-3] DEBUG (EmployeeInfoMicroServiceController.java:26) - EmployeeInfoMicroServiceController.getEmployeeInfo - start: 10
2021-04-12 17:08:59,070 [http-nio-8080-exec-3] DEBUG (EmployeeInfoServiceImpl.java:27) - EmployeeInfoServiceImpl.getEmployeeInfo - start: 10
2021-04-12 17:08:59,076 [http-nio-8080-exec-3] ERROR (EmployeeInfoServiceImpl.java:36) - [Ljava.lang.StackTraceElement;@1293948f
2021-04-12 17:08:59,077 [http-nio-8080-exec-3] DEBUG (EmployeeInfoMicroServiceController.java:30) - EmployeeInfoMicroServiceController.getEmployeeInfo - end: 10
2021-04-12 17:08:59,218 [http-nio-8080-exec-4] DEBUG (EmployeeInfoMicroServiceController.java:26) - EmployeeInfoMicroServiceController.getEmployeeInfo - start: 100
2021-04-12 17:08:59,222 [http-nio-8080-exec-4] DEBUG (EmployeeInfoServiceImpl.java:27) - EmployeeInfoServiceImpl.getEmployeeInfo - start: 100
2021-04-12 17:08:59,233 [http-nio-8080-exec-4] DEBUG (EmployeeInfoServiceImpl.java:32) - EmployeeInfoServiceImpl.getEmployeeInfo - end: 100
2021-04-12 17:08:59,234 [http-nio-8080-exec-4] DEBUG (EmployeeInfoMicroServiceController.java:30) - EmployeeInfoMicroServiceController.getEmployeeInfo - end: 100
2021-04-12 17:26:43,556 [http-nio-8080-exec-8] DEBUG (EmployeeInfoMicroServiceController.java:37) - EmployeeInfoMicroServiceController.getAllEmployeeInfo - start: 
2021-04-12 17:26:43,556 [http-nio-8080-exec-8] DEBUG (EmployeeInfoServiceImpl.java:48) - EmployeeInfoServiceImpl.getAllEmployeeInfo - start: 
2021-04-12 17:26:43,570 [http-nio-8080-exec-8] DEBUG (EmployeeInfoServiceImpl.java:56) - EmployeeInfoServiceImpl.getAllEmployeeInfo - end: 
2021-04-12 17:26:43,570 [http-nio-8080-exec-8] DEBUG (EmployeeInfoMicroServiceController.java:41) - EmployeeInfoMicroServiceController.getAllEmployeeInfo - end: 
2021-04-12 17:26:57,016 [http-nio-8080-exec-10] DEBUG (EmployeeInfoMicroServiceController.java:37) - EmployeeInfoMicroServiceController.getAllEmployeeInfo - start: 
2021-04-12 17:26:57,016 [http-nio-8080-exec-10] DEBUG (EmployeeInfoServiceImpl.java:48) - EmployeeInfoServiceImpl.getAllEmployeeInfo - start: 
2021-04-12 17:26:57,026 [http-nio-8080-exec-10] DEBUG (EmployeeInfoServiceImpl.java:56) - EmployeeInfoServiceImpl.getAllEmployeeInfo - end: 
2021-04-12 17:26:57,027 [http-nio-8080-exec-10] DEBUG (EmployeeInfoMicroServiceController.java:41) - EmployeeInfoMicroServiceController.getAllEmployeeInfo - end: 
2021-04-12 17:27:10,875 [http-nio-8080-exec-2] DEBUG (EmployeeInfoMicroServiceController.java:37) - EmployeeInfoMicroServiceController.getAllEmployeeInfo - start: 
2021-04-12 17:27:10,875 [http-nio-8080-exec-2] DEBUG (EmployeeInfoServiceImpl.java:48) - EmployeeInfoServiceImpl.getAllEmployeeInfo - start: 
2021-04-12 17:27:10,889 [http-nio-8080-exec-2] DEBUG (EmployeeInfoServiceImpl.java:56) - EmployeeInfoServiceImpl.getAllEmployeeInfo - end: 
2021-04-12 17:27:10,890 [http-nio-8080-exec-2] DEBUG (EmployeeInfoMicroServiceController.java:41) - EmployeeInfoMicroServiceController.getAllEmployeeInfo - end: 
2021-04-12 17:27:14,554 [http-nio-8080-exec-4] DEBUG (EmployeeInfoMicroServiceController.java:26) - EmployeeInfoMicroServiceController.getEmployeeInfo - start: 101
2021-04-12 17:27:14,556 [http-nio-8080-exec-4] DEBUG (EmployeeInfoServiceImpl.java:27) - EmployeeInfoServiceImpl.getEmployeeInfo - start: 101
2021-04-12 17:27:14,559 [http-nio-8080-exec-5] DEBUG (EmployeeInfoMicroServiceController.java:37) - EmployeeInfoMicroServiceController.getAllEmployeeInfo - start: 
2021-04-12 17:27:14,560 [http-nio-8080-exec-5] DEBUG (EmployeeInfoServiceImpl.java:48) - EmployeeInfoServiceImpl.getAllEmployeeInfo - start: 
2021-04-12 17:27:14,573 [http-nio-8080-exec-4] DEBUG (EmployeeInfoServiceImpl.java:32) - EmployeeInfoServiceImpl.getEmployeeInfo - end: 101
2021-04-12 17:27:14,574 [http-nio-8080-exec-4] DEBUG (EmployeeInfoMicroServiceController.java:30) - EmployeeInfoMicroServiceController.getEmployeeInfo - end: 101
2021-04-12 17:27:14,591 [http-nio-8080-exec-5] DEBUG (EmployeeInfoServiceImpl.java:56) - EmployeeInfoServiceImpl.getAllEmployeeInfo - end: 
2021-04-12 17:27:14,591 [http-nio-8080-exec-5] DEBUG (EmployeeInfoMicroServiceController.java:41) - EmployeeInfoMicroServiceController.getAllEmployeeInfo - end: 
2021-04-12 17:27:26,798 [http-nio-8080-exec-8] DEBUG (EmployeeInfoMicroServiceController.java:37) - EmployeeInfoMicroServiceController.getAllEmployeeInfo - start: 
2021-04-12 17:27:26,798 [http-nio-8080-exec-8] DEBUG (EmployeeInfoServiceImpl.java:48) - EmployeeInfoServiceImpl.getAllEmployeeInfo - start: 
2021-04-12 17:27:26,808 [http-nio-8080-exec-8] DEBUG (EmployeeInfoServiceImpl.java:56) - EmployeeInfoServiceImpl.getAllEmployeeInfo - end: 
2021-04-12 17:27:26,808 [http-nio-8080-exec-8] DEBUG (EmployeeInfoMicroServiceController.java:41) - EmployeeInfoMicroServiceController.getAllEmployeeInfo - end: 
2021-04-12 17:27:28,850 [http-nio-8080-exec-10] DEBUG (EmployeeInfoMicroServiceController.java:26) - EmployeeInfoMicroServiceController.getEmployeeInfo - start: 101
2021-04-12 17:27:28,852 [http-nio-8080-exec-10] DEBUG (EmployeeInfoServiceImpl.java:27) - EmployeeInfoServiceImpl.getEmployeeInfo - start: 101
2021-04-12 17:27:28,865 [http-nio-8080-exec-10] DEBUG (EmployeeInfoServiceImpl.java:32) - EmployeeInfoServiceImpl.getEmployeeInfo - end: 101
2021-04-12 17:27:28,867 [http-nio-8080-exec-10] DEBUG (EmployeeInfoMicroServiceController.java:30) - EmployeeInfoMicroServiceController.getEmployeeInfo - end: 101
2021-04-12 17:27:31,424 [http-nio-8080-exec-1] DEBUG (EmployeeInfoMicroServiceController.java:26) - EmployeeInfoMicroServiceController.getEmployeeInfo - start: 10
2021-04-12 17:27:31,425 [http-nio-8080-exec-1] DEBUG (EmployeeInfoServiceImpl.java:27) - EmployeeInfoServiceImpl.getEmployeeInfo - start: 10
2021-04-12 17:27:31,438 [http-nio-8080-exec-1] ERROR (EmployeeInfoServiceImpl.java:36) - [Ljava.lang.StackTraceElement;@1bfecf9a
2021-04-12 17:27:31,439 [http-nio-8080-exec-1] DEBUG (EmployeeInfoMicroServiceController.java:30) - EmployeeInfoMicroServiceController.getEmployeeInfo - end: 10
2021-04-12 17:27:31,713 [http-nio-8080-exec-2] DEBUG (EmployeeInfoMicroServiceController.java:26) - EmployeeInfoMicroServiceController.getEmployeeInfo - start: 100
2021-04-12 17:27:31,718 [http-nio-8080-exec-2] DEBUG (EmployeeInfoServiceImpl.java:27) - EmployeeInfoServiceImpl.getEmployeeInfo - start: 100
2021-04-12 17:27:31,735 [http-nio-8080-exec-2] DEBUG (EmployeeInfoServiceImpl.java:32) - EmployeeInfoServiceImpl.getEmployeeInfo - end: 100
2021-04-12 17:27:31,735 [http-nio-8080-exec-2] DEBUG (EmployeeInfoMicroServiceController.java:30) - EmployeeInfoMicroServiceController.getEmployeeInfo - end: 100
2021-04-12 17:27:34,049 [http-nio-8080-exec-4] DEBUG (EmployeeInfoMicroServiceController.java:26) - EmployeeInfoMicroServiceController.getEmployeeInfo - start: 10
2021-04-12 17:27:34,050 [http-nio-8080-exec-4] DEBUG (EmployeeInfoServiceImpl.java:27) - EmployeeInfoServiceImpl.getEmployeeInfo - start: 10
2021-04-12 17:27:34,056 [http-nio-8080-exec-4] ERROR (EmployeeInfoServiceImpl.java:36) - [Ljava.lang.StackTraceElement;@95b0659
2021-04-12 17:27:34,056 [http-nio-8080-exec-4] DEBUG (EmployeeInfoMicroServiceController.java:30) - EmployeeInfoMicroServiceController.getEmployeeInfo - end: 10
2021-04-12 17:27:34,185 [http-nio-8080-exec-5] DEBUG (EmployeeInfoMicroServiceController.java:26) - EmployeeInfoMicroServiceController.getEmployeeInfo - start: 1
2021-04-12 17:27:34,187 [http-nio-8080-exec-5] DEBUG (EmployeeInfoServiceImpl.java:27) - EmployeeInfoServiceImpl.getEmployeeInfo - start: 1
2021-04-12 17:27:34,199 [http-nio-8080-exec-5] ERROR (EmployeeInfoServiceImpl.java:36) - [Ljava.lang.StackTraceElement;@d83524d
2021-04-12 17:27:34,200 [http-nio-8080-exec-5] DEBUG (EmployeeInfoMicroServiceController.java:30) - EmployeeInfoMicroServiceController.getEmployeeInfo - end: 1
2021-04-12 17:27:39,093 [http-nio-8080-exec-7] DEBUG (EmployeeInfoMicroServiceController.java:37) - EmployeeInfoMicroServiceController.getAllEmployeeInfo - start: 
2021-04-12 17:27:39,094 [http-nio-8080-exec-7] DEBUG (EmployeeInfoServiceImpl.java:48) - EmployeeInfoServiceImpl.getAllEmployeeInfo - start: 
2021-04-12 17:27:39,104 [http-nio-8080-exec-7] DEBUG (EmployeeInfoServiceImpl.java:56) - EmployeeInfoServiceImpl.getAllEmployeeInfo - end: 
2021-04-12 17:27:39,104 [http-nio-8080-exec-7] DEBUG (EmployeeInfoMicroServiceController.java:41) - EmployeeInfoMicroServiceController.getAllEmployeeInfo - end: 
2021-04-12 17:27:45,618 [http-nio-8080-exec-9] DEBUG (EmployeeInfoMicroServiceController.java:26) - EmployeeInfoMicroServiceController.getEmployeeInfo - start: 101
2021-04-12 17:27:45,618 [http-nio-8080-exec-9] DEBUG (EmployeeInfoServiceImpl.java:27) - EmployeeInfoServiceImpl.getEmployeeInfo - start: 101
2021-04-12 17:27:45,622 [http-nio-8080-exec-9] DEBUG (EmployeeInfoServiceImpl.java:32) - EmployeeInfoServiceImpl.getEmployeeInfo - end: 101
2021-04-12 17:27:45,622 [http-nio-8080-exec-9] DEBUG (EmployeeInfoMicroServiceController.java:30) - EmployeeInfoMicroServiceController.getEmployeeInfo - end: 101
2021-04-12 17:27:55,326 [http-nio-8080-exec-1] DEBUG (EmployeeInfoMicroServiceController.java:37) - EmployeeInfoMicroServiceController.getAllEmployeeInfo - start: 
2021-04-12 17:27:55,327 [http-nio-8080-exec-1] DEBUG (EmployeeInfoServiceImpl.java:48) - EmployeeInfoServiceImpl.getAllEmployeeInfo - start: 
2021-04-12 17:27:55,339 [http-nio-8080-exec-1] DEBUG (EmployeeInfoServiceImpl.java:56) - EmployeeInfoServiceImpl.getAllEmployeeInfo - end: 
2021-04-12 17:27:55,341 [http-nio-8080-exec-1] DEBUG (EmployeeInfoMicroServiceController.java:41) - EmployeeInfoMicroServiceController.getAllEmployeeInfo - end: 
2021-04-12 17:28:33,185 [http-nio-8080-exec-3] DEBUG (EmployeeInfoMicroServiceController.java:37) - EmployeeInfoMicroServiceController.getAllEmployeeInfo - start: 
2021-04-12 17:28:33,185 [http-nio-8080-exec-3] DEBUG (EmployeeInfoServiceImpl.java:48) - EmployeeInfoServiceImpl.getAllEmployeeInfo - start: 
2021-04-12 17:28:33,197 [http-nio-8080-exec-3] DEBUG (EmployeeInfoServiceImpl.java:56) - EmployeeInfoServiceImpl.getAllEmployeeInfo - end: 
2021-04-12 17:28:33,197 [http-nio-8080-exec-3] DEBUG (EmployeeInfoMicroServiceController.java:41) - EmployeeInfoMicroServiceController.getAllEmployeeInfo - end: 
2021-04-12 17:28:50,264 [http-nio-8080-exec-5] DEBUG (EmployeeInfoMicroServiceController.java:37) - EmployeeInfoMicroServiceController.getAllEmployeeInfo - start: 
2021-04-12 17:28:50,264 [http-nio-8080-exec-5] DEBUG (EmployeeInfoServiceImpl.java:48) - EmployeeInfoServiceImpl.getAllEmployeeInfo - start: 
2021-04-12 17:28:50,275 [http-nio-8080-exec-5] DEBUG (EmployeeInfoServiceImpl.java:56) - EmployeeInfoServiceImpl.getAllEmployeeInfo - end: 
2021-04-12 17:28:50,275 [http-nio-8080-exec-5] DEBUG (EmployeeInfoMicroServiceController.java:41) - EmployeeInfoMicroServiceController.getAllEmployeeInfo - end: 
2021-04-12 17:28:56,333 [http-nio-8080-exec-6] DEBUG (EmployeeInfoMicroServiceController.java:26) - EmployeeInfoMicroServiceController.getEmployeeInfo - start: 101
2021-04-12 17:28:56,334 [http-nio-8080-exec-6] DEBUG (EmployeeInfoServiceImpl.java:27) - EmployeeInfoServiceImpl.getEmployeeInfo - start: 101
2021-04-12 17:28:56,337 [http-nio-8080-exec-6] DEBUG (EmployeeInfoServiceImpl.java:32) - EmployeeInfoServiceImpl.getEmployeeInfo - end: 101
2021-04-12 17:28:56,338 [http-nio-8080-exec-6] DEBUG (EmployeeInfoMicroServiceController.java:30) - EmployeeInfoMicroServiceController.getEmployeeInfo - end: 101
2021-04-12 17:29:00,452 [http-nio-8080-exec-8] DEBUG (EmployeeInfoMicroServiceController.java:37) - EmployeeInfoMicroServiceController.getAllEmployeeInfo - start: 
2021-04-12 17:29:00,452 [http-nio-8080-exec-8] DEBUG (EmployeeInfoServiceImpl.java:48) - EmployeeInfoServiceImpl.getAllEmployeeInfo - start: 
2021-04-12 17:29:00,465 [http-nio-8080-exec-8] DEBUG (EmployeeInfoServiceImpl.java:56) - EmployeeInfoServiceImpl.getAllEmployeeInfo - end: 
2021-04-12 17:29:00,466 [http-nio-8080-exec-8] DEBUG (EmployeeInfoMicroServiceController.java:41) - EmployeeInfoMicroServiceController.getAllEmployeeInfo - end: 
2021-04-12 17:29:02,739 [http-nio-8080-exec-9] DEBUG (EmployeeInfoMicroServiceController.java:26) - EmployeeInfoMicroServiceController.getEmployeeInfo - start: 207
2021-04-12 17:29:02,741 [http-nio-8080-exec-9] DEBUG (EmployeeInfoServiceImpl.java:27) - EmployeeInfoServiceImpl.getEmployeeInfo - start: 207
2021-04-12 17:29:02,751 [http-nio-8080-exec-9] DEBUG (EmployeeInfoServiceImpl.java:32) - EmployeeInfoServiceImpl.getEmployeeInfo - end: 207
2021-04-12 17:29:02,751 [http-nio-8080-exec-9] DEBUG (EmployeeInfoMicroServiceController.java:30) - EmployeeInfoMicroServiceController.getEmployeeInfo - end: 207
2021-04-12 17:29:05,843 [http-nio-8080-exec-10] DEBUG (EmployeeInfoMicroServiceController.java:26) - EmployeeInfoMicroServiceController.getEmployeeInfo - start: 20
2021-04-12 17:29:05,845 [http-nio-8080-exec-10] DEBUG (EmployeeInfoServiceImpl.java:27) - EmployeeInfoServiceImpl.getEmployeeInfo - start: 20
2021-04-12 17:29:05,849 [http-nio-8080-exec-10] ERROR (EmployeeInfoServiceImpl.java:36) - [Ljava.lang.StackTraceElement;@4d717ee1
2021-04-12 17:29:05,849 [http-nio-8080-exec-10] DEBUG (EmployeeInfoMicroServiceController.java:30) - EmployeeInfoMicroServiceController.getEmployeeInfo - end: 20
2021-04-12 17:29:05,981 [http-nio-8080-exec-1] DEBUG (EmployeeInfoMicroServiceController.java:26) - EmployeeInfoMicroServiceController.getEmployeeInfo - start: 2
2021-04-12 17:29:05,982 [http-nio-8080-exec-1] DEBUG (EmployeeInfoServiceImpl.java:27) - EmployeeInfoServiceImpl.getEmployeeInfo - start: 2
2021-04-12 17:29:05,990 [http-nio-8080-exec-1] ERROR (EmployeeInfoServiceImpl.java:36) - [Ljava.lang.StackTraceElement;@3d505443
2021-04-12 17:29:05,991 [http-nio-8080-exec-1] DEBUG (EmployeeInfoMicroServiceController.java:30) - EmployeeInfoMicroServiceController.getEmployeeInfo - end: 2
2021-04-12 17:29:09,575 [http-nio-8080-exec-4] DEBUG (EmployeeInfoMicroServiceController.java:37) - EmployeeInfoMicroServiceController.getAllEmployeeInfo - start: 
2021-04-12 17:29:09,579 [http-nio-8080-exec-4] DEBUG (EmployeeInfoServiceImpl.java:48) - EmployeeInfoServiceImpl.getAllEmployeeInfo - start: 
2021-04-12 17:29:09,586 [http-nio-8080-exec-4] DEBUG (EmployeeInfoServiceImpl.java:56) - EmployeeInfoServiceImpl.getAllEmployeeInfo - end: 
2021-04-12 17:29:09,587 [http-nio-8080-exec-4] DEBUG (EmployeeInfoMicroServiceController.java:41) - EmployeeInfoMicroServiceController.getAllEmployeeInfo - end: 
2021-04-12 17:29:11,228 [http-nio-8080-exec-5] DEBUG (EmployeeInfoMicroServiceController.java:26) - EmployeeInfoMicroServiceController.getEmployeeInfo - start: 1
2021-04-12 17:29:11,230 [http-nio-8080-exec-5] DEBUG (EmployeeInfoServiceImpl.java:27) - EmployeeInfoServiceImpl.getEmployeeInfo - start: 1
2021-04-12 17:29:11,236 [http-nio-8080-exec-5] ERROR (EmployeeInfoServiceImpl.java:36) - [Ljava.lang.StackTraceElement;@4bf754bf
2021-04-12 17:29:11,237 [http-nio-8080-exec-5] DEBUG (EmployeeInfoMicroServiceController.java:30) - EmployeeInfoMicroServiceController.getEmployeeInfo - end: 1
2021-04-12 17:29:11,477 [http-nio-8080-exec-6] DEBUG (EmployeeInfoMicroServiceController.java:26) - EmployeeInfoMicroServiceController.getEmployeeInfo - start: 10
2021-04-12 17:29:11,478 [http-nio-8080-exec-6] DEBUG (EmployeeInfoServiceImpl.java:27) - EmployeeInfoServiceImpl.getEmployeeInfo - start: 10
2021-04-12 17:29:11,486 [http-nio-8080-exec-6] ERROR (EmployeeInfoServiceImpl.java:36) - [Ljava.lang.StackTraceElement;@7c9d0414
2021-04-12 17:29:11,487 [http-nio-8080-exec-6] DEBUG (EmployeeInfoMicroServiceController.java:30) - EmployeeInfoMicroServiceController.getEmployeeInfo - end: 10
2021-04-12 17:29:11,610 [http-nio-8080-exec-7] DEBUG (EmployeeInfoMicroServiceController.java:26) - EmployeeInfoMicroServiceController.getEmployeeInfo - start: 100
2021-04-12 17:29:11,611 [http-nio-8080-exec-7] DEBUG (EmployeeInfoServiceImpl.java:27) - EmployeeInfoServiceImpl.getEmployeeInfo - start: 100
2021-04-12 17:29:11,613 [http-nio-8080-exec-7] DEBUG (EmployeeInfoServiceImpl.java:32) - EmployeeInfoServiceImpl.getEmployeeInfo - end: 100
2021-04-12 17:29:11,613 [http-nio-8080-exec-7] DEBUG (EmployeeInfoMicroServiceController.java:30) - EmployeeInfoMicroServiceController.getEmployeeInfo - end: 100
2021-04-12 17:29:11,931 [http-nio-8080-exec-8] DEBUG (EmployeeInfoMicroServiceController.java:26) - EmployeeInfoMicroServiceController.getEmployeeInfo - start: 1000
2021-04-12 17:29:11,932 [http-nio-8080-exec-8] DEBUG (EmployeeInfoServiceImpl.java:27) - EmployeeInfoServiceImpl.getEmployeeInfo - start: 1000
2021-04-12 17:29:11,939 [http-nio-8080-exec-8] ERROR (EmployeeInfoServiceImpl.java:36) - [Ljava.lang.StackTraceElement;@55b7491e
2021-04-12 17:29:11,940 [http-nio-8080-exec-8] DEBUG (EmployeeInfoMicroServiceController.java:30) - EmployeeInfoMicroServiceController.getEmployeeInfo - end: 1000
2021-04-12 17:29:13,892 [http-nio-8080-exec-10] DEBUG (EmployeeInfoMicroServiceController.java:26) - EmployeeInfoMicroServiceController.getEmployeeInfo - start: 10000
2021-04-12 17:29:13,893 [http-nio-8080-exec-10] DEBUG (EmployeeInfoServiceImpl.java:27) - EmployeeInfoServiceImpl.getEmployeeInfo - start: 10000
2021-04-12 17:29:13,900 [http-nio-8080-exec-10] ERROR (EmployeeInfoServiceImpl.java:36) - [Ljava.lang.StackTraceElement;@89a445d
2021-04-12 17:29:13,901 [http-nio-8080-exec-10] DEBUG (EmployeeInfoMicroServiceController.java:30) - EmployeeInfoMicroServiceController.getEmployeeInfo - end: 10000
2021-04-12 17:29:14,983 [http-nio-8080-exec-1] DEBUG (EmployeeInfoMicroServiceController.java:26) - EmployeeInfoMicroServiceController.getEmployeeInfo - start: 1000
2021-04-12 17:29:14,984 [http-nio-8080-exec-1] DEBUG (EmployeeInfoServiceImpl.java:27) - EmployeeInfoServiceImpl.getEmployeeInfo - start: 1000
2021-04-12 17:29:14,990 [http-nio-8080-exec-1] ERROR (EmployeeInfoServiceImpl.java:36) - [Ljava.lang.StackTraceElement;@5eefef01
2021-04-12 17:29:14,990 [http-nio-8080-exec-1] DEBUG (EmployeeInfoMicroServiceController.java:30) - EmployeeInfoMicroServiceController.getEmployeeInfo - end: 1000
2021-04-12 17:29:15,141 [http-nio-8080-exec-2] DEBUG (EmployeeInfoMicroServiceController.java:26) - EmployeeInfoMicroServiceController.getEmployeeInfo - start: 100
2021-04-12 17:29:15,143 [http-nio-8080-exec-2] DEBUG (EmployeeInfoServiceImpl.java:27) - EmployeeInfoServiceImpl.getEmployeeInfo - start: 100
2021-04-12 17:29:15,146 [http-nio-8080-exec-2] DEBUG (EmployeeInfoServiceImpl.java:32) - EmployeeInfoServiceImpl.getEmployeeInfo - end: 100
2021-04-12 17:29:15,146 [http-nio-8080-exec-2] DEBUG (EmployeeInfoMicroServiceController.java:30) - EmployeeInfoMicroServiceController.getEmployeeInfo - end: 100
2021-04-12 17:29:15,412 [http-nio-8080-exec-3] DEBUG (EmployeeInfoMicroServiceController.java:26) - EmployeeInfoMicroServiceController.getEmployeeInfo - start: 10
2021-04-12 17:29:15,413 [http-nio-8080-exec-3] DEBUG (EmployeeInfoServiceImpl.java:27) - EmployeeInfoServiceImpl.getEmployeeInfo - start: 10
2021-04-12 17:29:15,418 [http-nio-8080-exec-3] ERROR (EmployeeInfoServiceImpl.java:36) - [Ljava.lang.StackTraceElement;@6295d18a
2021-04-12 17:29:15,419 [http-nio-8080-exec-3] DEBUG (EmployeeInfoMicroServiceController.java:30) - EmployeeInfoMicroServiceController.getEmployeeInfo - end: 10
2021-04-12 17:29:15,559 [http-nio-8080-exec-4] DEBUG (EmployeeInfoMicroServiceController.java:26) - EmployeeInfoMicroServiceController.getEmployeeInfo - start: 1
2021-04-12 17:29:15,560 [http-nio-8080-exec-4] DEBUG (EmployeeInfoServiceImpl.java:27) - EmployeeInfoServiceImpl.getEmployeeInfo - start: 1
2021-04-12 17:29:15,565 [http-nio-8080-exec-4] ERROR (EmployeeInfoServiceImpl.java:36) - [Ljava.lang.StackTraceElement;@66a2f0de
2021-04-12 17:29:15,565 [http-nio-8080-exec-4] DEBUG (EmployeeInfoMicroServiceController.java:30) - EmployeeInfoMicroServiceController.getEmployeeInfo - end: 1
2021-04-12 17:29:18,794 [http-nio-8080-exec-7] DEBUG (EmployeeInfoMicroServiceController.java:26) - EmployeeInfoMicroServiceController.getEmployeeInfo - start: 207
2021-04-12 17:29:18,795 [http-nio-8080-exec-7] DEBUG (EmployeeInfoServiceImpl.java:27) - EmployeeInfoServiceImpl.getEmployeeInfo - start: 207
2021-04-12 17:29:18,799 [http-nio-8080-exec-7] DEBUG (EmployeeInfoServiceImpl.java:32) - EmployeeInfoServiceImpl.getEmployeeInfo - end: 207
2021-04-12 17:29:18,800 [http-nio-8080-exec-7] DEBUG (EmployeeInfoMicroServiceController.java:30) - EmployeeInfoMicroServiceController.getEmployeeInfo - end: 207
2021-04-12 17:29:30,990 [http-nio-8080-exec-9] DEBUG (EmployeeInfoMicroServiceController.java:37) - EmployeeInfoMicroServiceController.getAllEmployeeInfo - start: 
2021-04-12 17:29:30,991 [http-nio-8080-exec-9] DEBUG (EmployeeInfoServiceImpl.java:48) - EmployeeInfoServiceImpl.getAllEmployeeInfo - start: 
2021-04-12 17:29:30,996 [http-nio-8080-exec-9] DEBUG (EmployeeInfoServiceImpl.java:56) - EmployeeInfoServiceImpl.getAllEmployeeInfo - end: 
2021-04-12 17:29:30,997 [http-nio-8080-exec-9] DEBUG (EmployeeInfoMicroServiceController.java:41) - EmployeeInfoMicroServiceController.getAllEmployeeInfo - end: 
2021-04-15 17:00:37,862 [http-nio-8080-exec-1] DEBUG (EmployeeInfoMicroServiceController.java:37) - EmployeeInfoMicroServiceController.getAllEmployeeInfo - start: 
2021-04-15 17:00:37,866 [http-nio-8080-exec-1] DEBUG (EmployeeInfoServiceImpl.java:48) - EmployeeInfoServiceImpl.getAllEmployeeInfo - start: 
2021-04-15 17:00:38,199 [http-nio-8080-exec-1] DEBUG (EmployeeInfoServiceImpl.java:56) - EmployeeInfoServiceImpl.getAllEmployeeInfo - end: 
2021-04-15 17:00:38,199 [http-nio-8080-exec-1] DEBUG (EmployeeInfoMicroServiceController.java:41) - EmployeeInfoMicroServiceController.getAllEmployeeInfo - end: 
2021-04-15 17:19:38,777 [http-nio-8080-exec-3] DEBUG (EmployeeInfoMicroServiceController.java:37) - EmployeeInfoMicroServiceController.getAllEmployeeInfo - start: 
2021-04-15 17:19:38,777 [http-nio-8080-exec-3] DEBUG (EmployeeInfoServiceImpl.java:48) - EmployeeInfoServiceImpl.getAllEmployeeInfo - start: 
2021-04-15 17:19:38,884 [http-nio-8080-exec-3] DEBUG (EmployeeInfoServiceImpl.java:56) - EmployeeInfoServiceImpl.getAllEmployeeInfo - end: 
2021-04-15 17:19:38,885 [http-nio-8080-exec-3] DEBUG (EmployeeInfoMicroServiceController.java:41) - EmployeeInfoMicroServiceController.getAllEmployeeInfo - end: 
2021-04-15 17:20:23,818 [http-nio-8080-exec-5] DEBUG (EmployeeInfoMicroServiceController.java:37) - EmployeeInfoMicroServiceController.getAllEmployeeInfo - start: 
2021-04-15 17:20:23,829 [http-nio-8080-exec-5] DEBUG (EmployeeInfoServiceImpl.java:48) - EmployeeInfoServiceImpl.getAllEmployeeInfo - start: 
2021-04-15 17:20:23,934 [http-nio-8080-exec-5] DEBUG (EmployeeInfoServiceImpl.java:56) - EmployeeInfoServiceImpl.getAllEmployeeInfo - end: 
2021-04-15 17:20:23,935 [http-nio-8080-exec-5] DEBUG (EmployeeInfoMicroServiceController.java:41) - EmployeeInfoMicroServiceController.getAllEmployeeInfo - end: 
2021-04-15 17:20:34,682 [http-nio-8080-exec-7] DEBUG (EmployeeInfoMicroServiceController.java:37) - EmployeeInfoMicroServiceController.getAllEmployeeInfo - start: 
2021-04-15 17:20:34,683 [http-nio-8080-exec-7] DEBUG (EmployeeInfoServiceImpl.java:48) - EmployeeInfoServiceImpl.getAllEmployeeInfo - start: 
2021-04-15 17:20:34,739 [http-nio-8080-exec-7] DEBUG (EmployeeInfoServiceImpl.java:56) - EmployeeInfoServiceImpl.getAllEmployeeInfo - end: 
2021-04-15 17:20:34,739 [http-nio-8080-exec-7] DEBUG (EmployeeInfoMicroServiceController.java:41) - EmployeeInfoMicroServiceController.getAllEmployeeInfo - end: 
2021-04-15 17:24:25,583 [http-nio-8080-exec-10] DEBUG (EmployeeInfoMicroServiceController.java:49) - EmployeeInfoMicroServiceController.addEmployee - start: 
2021-04-15 17:24:25,665 [http-nio-8080-exec-10] DEBUG (EmployeeInfoMicroServiceController.java:53) - EmployeeInfoMicroServiceController.addEmployee - end: 
2021-04-15 17:24:30,596 [http-nio-8080-exec-2] DEBUG (EmployeeInfoMicroServiceController.java:26) - EmployeeInfoMicroServiceController.getEmployeeInfo - start: 2
2021-04-15 17:24:30,596 [http-nio-8080-exec-2] DEBUG (EmployeeInfoServiceImpl.java:27) - EmployeeInfoServiceImpl.getEmployeeInfo - start: 2
2021-04-15 17:24:30,609 [http-nio-8080-exec-2] ERROR (EmployeeInfoServiceImpl.java:36) - [Ljava.lang.StackTraceElement;@a751711
2021-04-15 17:24:30,610 [http-nio-8080-exec-2] DEBUG (EmployeeInfoMicroServiceController.java:30) - EmployeeInfoMicroServiceController.getEmployeeInfo - end: 2
2021-04-15 17:24:30,691 [http-nio-8080-exec-3] DEBUG (EmployeeInfoMicroServiceController.java:26) - EmployeeInfoMicroServiceController.getEmployeeInfo - start: 21
2021-04-15 17:24:30,691 [http-nio-8080-exec-3] DEBUG (EmployeeInfoServiceImpl.java:27) - EmployeeInfoServiceImpl.getEmployeeInfo - start: 21
2021-04-15 17:24:30,695 [http-nio-8080-exec-3] ERROR (EmployeeInfoServiceImpl.java:36) - [Ljava.lang.StackTraceElement;@63090858
2021-04-15 17:24:30,696 [http-nio-8080-exec-3] DEBUG (EmployeeInfoMicroServiceController.java:30) - EmployeeInfoMicroServiceController.getEmployeeInfo - end: 21
2021-04-15 17:24:30,862 [http-nio-8080-exec-4] DEBUG (EmployeeInfoMicroServiceController.java:26) - EmployeeInfoMicroServiceController.getEmployeeInfo - start: 215
2021-04-15 17:24:30,866 [http-nio-8080-exec-4] DEBUG (EmployeeInfoServiceImpl.java:27) - EmployeeInfoServiceImpl.getEmployeeInfo - start: 215
2021-04-15 17:24:30,882 [http-nio-8080-exec-4] DEBUG (EmployeeInfoServiceImpl.java:32) - EmployeeInfoServiceImpl.getEmployeeInfo - end: 215
2021-04-15 17:24:30,883 [http-nio-8080-exec-4] DEBUG (EmployeeInfoMicroServiceController.java:30) - EmployeeInfoMicroServiceController.getEmployeeInfo - end: 215
2021-04-15 17:25:12,930 [http-nio-8080-exec-6] DEBUG (EmployeeInfoMicroServiceController.java:37) - EmployeeInfoMicroServiceController.getAllEmployeeInfo - start: 
2021-04-15 17:25:12,930 [http-nio-8080-exec-6] DEBUG (EmployeeInfoServiceImpl.java:48) - EmployeeInfoServiceImpl.getAllEmployeeInfo - start: 
2021-04-15 17:25:13,008 [http-nio-8080-exec-6] DEBUG (EmployeeInfoServiceImpl.java:56) - EmployeeInfoServiceImpl.getAllEmployeeInfo - end: 
2021-04-15 17:25:13,008 [http-nio-8080-exec-6] DEBUG (EmployeeInfoMicroServiceController.java:41) - EmployeeInfoMicroServiceController.getAllEmployeeInfo - end: 
2021-04-15 18:37:24,340 [http-nio-8080-exec-2] DEBUG (EmployeeInfoMicroServiceController.java:26) - EmployeeInfoMicroServiceController.getEmployeeInfo - start: 100
2021-04-15 18:37:24,343 [http-nio-8080-exec-2] DEBUG (EmployeeInfoServiceImpl.java:27) - EmployeeInfoServiceImpl.getEmployeeInfo - start: 100
2021-04-15 18:37:24,442 [http-nio-8080-exec-2] DEBUG (EmployeeInfoServiceImpl.java:32) - EmployeeInfoServiceImpl.getEmployeeInfo - end: 100
2021-04-15 18:37:24,442 [http-nio-8080-exec-2] DEBUG (EmployeeInfoMicroServiceController.java:30) - EmployeeInfoMicroServiceController.getEmployeeInfo - end: 100
2021-04-29 01:56:18,828 [http-nio-8080-exec-2] DEBUG (EmployeeInfoMicroServiceController.java:37) - EmployeeInfoMicroServiceController.getAllEmployeeInfo - start: 
2021-04-29 01:56:18,832 [http-nio-8080-exec-2] DEBUG (EmployeeInfoServiceImpl.java:48) - EmployeeInfoServiceImpl.getAllEmployeeInfo - start: 
2021-04-29 01:56:19,073 [http-nio-8080-exec-2] DEBUG (EmployeeInfoServiceImpl.java:56) - EmployeeInfoServiceImpl.getAllEmployeeInfo - end: 
2021-04-29 01:56:19,073 [http-nio-8080-exec-2] DEBUG (EmployeeInfoMicroServiceController.java:41) - EmployeeInfoMicroServiceController.getAllEmployeeInfo - end: 
2021-04-29 01:57:30,255 [http-nio-8080-exec-2] DEBUG (EmployeeInfoMicroServiceController.java:37) - EmployeeInfoMicroServiceController.getAllEmployeeInfo - start: 
2021-04-29 01:57:30,257 [http-nio-8080-exec-2] DEBUG (EmployeeInfoServiceImpl.java:48) - EmployeeInfoServiceImpl.getAllEmployeeInfo - start: 
2021-04-29 01:57:30,483 [http-nio-8080-exec-2] DEBUG (EmployeeInfoServiceImpl.java:56) - EmployeeInfoServiceImpl.getAllEmployeeInfo - end: 
2021-04-29 01:57:30,483 [http-nio-8080-exec-2] DEBUG (EmployeeInfoMicroServiceController.java:41) - EmployeeInfoMicroServiceController.getAllEmployeeInfo - end: 
2021-04-29 01:57:35,334 [http-nio-8080-exec-3] DEBUG (EmployeeInfoMicroServiceController.java:37) - EmployeeInfoMicroServiceController.getAllEmployeeInfo - start: 
2021-04-29 01:57:35,335 [http-nio-8080-exec-3] DEBUG (EmployeeInfoServiceImpl.java:48) - EmployeeInfoServiceImpl.getAllEmployeeInfo - start: 
2021-04-29 01:57:35,380 [http-nio-8080-exec-3] DEBUG (EmployeeInfoServiceImpl.java:56) - EmployeeInfoServiceImpl.getAllEmployeeInfo - end: 
2021-04-29 01:57:35,381 [http-nio-8080-exec-3] DEBUG (EmployeeInfoMicroServiceController.java:41) - EmployeeInfoMicroServiceController.getAllEmployeeInfo - end: 
